{"D:\\Домашние работы\\7.7.2\\extractSpecials\\src\\extractSpecials.js": {"path":"D:\\Домашние работы\\7.7.2\\extractSpecials\\src\\extractSpecials.js","statementMap":{"0":{"start":{"line":2,"column":4},"end":{"line":4,"column":8}},"1":{"start":{"line":2,"column":85},"end":{"line":4,"column":5}}},"fnMap":{"0":{"name":"extractSpecials","decl":{"start":{"line":1,"column":9},"end":{"line":1,"column":24}},"loc":{"start":{"line":1,"column":38},"end":{"line":5,"column":3}},"line":1},"1":{"name":"(anonymous_1)","decl":{"start":{"line":2,"column":23},"end":{"line":2,"column":24}},"loc":{"start":{"line":2,"column":85},"end":{"line":4,"column":5}},"line":2}},"branchMap":{"0":{"loc":{"start":{"line":2,"column":42},"end":{"line":2,"column":77}},"type":"default-arg","locations":[{"start":{"line":2,"column":56},"end":{"line":2,"column":77}}],"line":2}},"s":{"0":2,"1":2},"f":{"0":2,"1":2},"b":{"0":[1]},"_coverageSchema":"1a1c01bbd47fc00a2c39e90264f33305004495a9","hash":"75ac35af36e0470bc71b8132e261dca9072064c4"}
}
